<?xml version="1.0" encoding="UTF-8"?>
<testng-results skipped="0" failed="0" ignored="0" total="1" passed="1">
  <reporter-output>
  </reporter-output>
  <suite name="Default suite" duration-ms="2264" started-at="2019-08-04T18:26:09Z" finished-at="2019-08-04T18:26:11Z">
    <groups>
    </groups>
    <test name="Default test" duration-ms="2264" started-at="2019-08-04T18:26:09Z" finished-at="2019-08-04T18:26:11Z">
      <class name="com.demo.GetTest">
        <test-method status="PASS" signature="GetWeatherDetails()[pri:0, instance:com.demo.GetTest@457e2f02]" name="GetWeatherDetails" duration-ms="2235" started-at="2019-08-04T18:26:09Z" finished-at="2019-08-04T18:26:11Z">
          <reporter-output>
          </reporter-output>
        </test-method> <!-- GetWeatherDetails -->
      </class> <!-- com.demo.GetTest -->
    </test> <!-- Default test -->
  </suite> <!-- Default suite -->
</testng-results>
